<?xml version="1.0" encoding="UTF-8"?>
<robot generator="Robot 7.0.dev1 (Python 3.12.0 on win32)" generated="2023-10-30T12:10:51.001599" rpa="false" schemaversion="5">
<suite id="s1" name="Signout" source="D:\Automation QA\Project Akhir\Sanber50-MobileAutomation-Kelompok7\suites\Signout.robot">
<test id="s1-t1" name="Successfully Sign Out" line="5">
<kw name="Open Flight Application" owner="base">
<kw name="Open Application" owner="AppiumLibrary">
<arg>${REMOTE_URL}</arg>
<arg>platformName=${PLATFORM_NAME}</arg>
<arg>platformVersion=${PLATFORM_VERSION}</arg>
<arg>deviceName=${DEVICE_NAME}</arg>
<arg>appPackage=${APP_PACKAGE}</arg>
<arg>appActivity=${APP_ACTIVITY}</arg>
<doc>Opens a new application to given Appium server.
Capabilities of appium server, Android and iOS,
Please check https://github.com/appium/appium/blob/master/docs/en/writing-running-appium/server-args.md
| *Option*            | *Man.* | *Description*     |
| remote_url          | Yes    | Appium server url |
| alias               | no     | alias             |
| strict_ssl          | No     | allows you to send commands to an invalid certificate host like a self-signed one. |</doc>
<status status="PASS" start="2023-10-30T12:10:51.182294" elapsed="6.858281"/>
</kw>
<status status="PASS" start="2023-10-30T12:10:51.182294" elapsed="6.859376"/>
</kw>
<kw name="Verify Hompage Appears" owner="Homepage">
<kw name="Wait Until Element Is Visible" owner="AppiumLibrary">
<arg>${appLogo}</arg>
<doc>Waits until element specified with `locator` is visible.</doc>
<msg time="2023-10-30T12:10:59.517573" level="INFO">xpath criteria: //android.widget.ImageView[@resource-id="com.example.myapplication:id/imageView4"]</msg>
<status status="PASS" start="2023-10-30T12:10:58.042577" elapsed="1.474996"/>
</kw>
<kw name="Wait Until Element Is Visible" owner="AppiumLibrary">
<arg>${signInButton}</arg>
<doc>Waits until element specified with `locator` is visible.</doc>
<msg time="2023-10-30T12:10:59.598112" level="INFO">xpath criteria: //android.widget.Button[@resource-id="com.example.myapplication:id/login"]</msg>
<status status="PASS" start="2023-10-30T12:10:59.517573" elapsed="0.08154"/>
</kw>
<kw name="Wait Until Element Is Visible" owner="AppiumLibrary">
<arg>${checkIn}</arg>
<doc>Waits until element specified with `locator` is visible.</doc>
<msg time="2023-10-30T12:10:59.677196" level="INFO">xpath criteria: //android.widget.Button[@resource-id="com.example.myapplication:id/button6" and @text="Search"]</msg>
<status status="PASS" start="2023-10-30T12:10:59.599113" elapsed="0.078083"/>
</kw>
<kw name="Wait Until Element Is Visible" owner="AppiumLibrary">
<arg>${search}</arg>
<doc>Waits until element specified with `locator` is visible.</doc>
<msg time="2023-10-30T12:10:59.753265" level="INFO">xpath criteria: //android.widget.Button[@resource-id="com.example.myapplication:id/button6" and @text="Search"]</msg>
<status status="PASS" start="2023-10-30T12:10:59.678197" elapsed="0.075068"/>
</kw>
<status status="PASS" start="2023-10-30T12:10:58.041670" elapsed="1.711595"/>
</kw>
<kw name="Click SignIn" owner="signInPage">
<kw name="Click Element" owner="AppiumLibrary">
<arg>${signInButton}</arg>
<doc>Click element identified by `locator`.</doc>
<msg time="2023-10-30T12:10:59.754629" level="INFO">Clicking element '//android.widget.Button[@resource-id="com.example.myapplication:id/login"]'.</msg>
<msg time="2023-10-30T12:10:59.878371" level="INFO">xpath criteria: //android.widget.Button[@resource-id="com.example.myapplication:id/login"]</msg>
<status status="PASS" start="2023-10-30T12:10:59.753265" elapsed="0.126107"/>
</kw>
<status status="PASS" start="2023-10-30T12:10:59.753265" elapsed="0.126107"/>
</kw>
<kw name="Verify Loginpage Appears" owner="signInPage">
<kw name="Wait Until Element Is Visible" owner="AppiumLibrary">
<arg>${toolbar}</arg>
<doc>Waits until element specified with `locator` is visible.</doc>
<msg time="2023-10-30T12:11:01.256820" level="INFO">xpath criteria: //android.view.ViewGroup[@resource-id="com.example.myapplication:id/toolbar"]
xpath criteria: //android.view.ViewGroup[@resource-id="com.example.myapplication:id/toolbar"]</msg>
<status status="PASS" start="2023-10-30T12:10:59.879372" elapsed="1.378448"/>
</kw>
<kw name="Wait Until Element Is Visible" owner="AppiumLibrary">
<arg>${viewgroup}</arg>
<doc>Waits until element specified with `locator` is visible.</doc>
<msg time="2023-10-30T12:11:01.322389" level="INFO">xpath criteria: //android.widget.FrameLayout[@resource-id="android:id/content"]/android.view.ViewGroup</msg>
<status status="PASS" start="2023-10-30T12:11:01.257820" elapsed="0.064569"/>
</kw>
<kw name="Wait Until Element Is Visible" owner="AppiumLibrary">
<arg>${linearLayout}</arg>
<doc>Waits until element specified with `locator` is visible.</doc>
<msg time="2023-10-30T12:11:01.387451" level="INFO">xpath criteria: //android.widget.LinearLayout[@resource-id="com.example.myapplication:id/linearLayout"]</msg>
<status status="PASS" start="2023-10-30T12:11:01.322389" elapsed="0.065062"/>
</kw>
<kw name="Wait Until Element Is Visible" owner="AppiumLibrary">
<arg>${username_login}</arg>
<doc>Waits until element specified with `locator` is visible.</doc>
<msg time="2023-10-30T12:11:01.452519" level="INFO">xpath criteria: //android.widget.EditText[@resource-id="com.example.myapplication:id/username"]</msg>
<status status="PASS" start="2023-10-30T12:11:01.387451" elapsed="0.065068"/>
</kw>
<status status="PASS" start="2023-10-30T12:10:59.879372" elapsed="1.573147"/>
</kw>
<kw name="Input Username" owner="signInPage">
<kw name="Click Element" owner="AppiumLibrary">
<arg>${username_login}</arg>
<doc>Click element identified by `locator`.</doc>
<msg time="2023-10-30T12:11:01.454520" level="INFO">Clicking element '//android.widget.EditText[@resource-id="com.example.myapplication:id/username"]'.</msg>
<msg time="2023-10-30T12:11:02.404623" level="INFO">xpath criteria: //android.widget.EditText[@resource-id="com.example.myapplication:id/username"]</msg>
<status status="PASS" start="2023-10-30T12:11:01.453519" elapsed="0.951104"/>
</kw>
<kw name="Input Text" owner="AppiumLibrary">
<arg>${username_login}</arg>
<arg>support@ngendigital.com</arg>
<doc>Types the given `text` into text field identified by `locator`.</doc>
<msg time="2023-10-30T12:11:02.406624" level="INFO">Typing text 'support@ngendigital.com' into text field '//android.widget.EditText[@resource-id="com.example.myapplication:id/username"]'</msg>
<msg time="2023-10-30T12:11:02.489549" level="INFO">xpath criteria: //android.widget.EditText[@resource-id="com.example.myapplication:id/username"]</msg>
<status status="PASS" start="2023-10-30T12:11:02.404623" elapsed="0.084926"/>
</kw>
<status status="PASS" start="2023-10-30T12:11:01.452519" elapsed="1.03703"/>
</kw>
<kw name="Input Password" owner="signInPage">
<kw name="Click Element" owner="AppiumLibrary">
<arg>${username_login}</arg>
<doc>Click element identified by `locator`.</doc>
<msg time="2023-10-30T12:11:02.491552" level="INFO">Clicking element '//android.widget.EditText[@resource-id="com.example.myapplication:id/username"]'.</msg>
<msg time="2023-10-30T12:11:03.781180" level="INFO">xpath criteria: //android.widget.EditText[@resource-id="com.example.myapplication:id/username"]</msg>
<status status="PASS" start="2023-10-30T12:11:02.490550" elapsed="1.29063"/>
</kw>
<kw name="Input Text" owner="AppiumLibrary">
<arg>${password_login}</arg>
<arg>abc123</arg>
<doc>Types the given `text` into text field identified by `locator`.</doc>
<msg time="2023-10-30T12:11:03.783182" level="INFO">Typing text 'abc123' into text field '//android.widget.EditText[@resource-id="com.example.myapplication:id/password"]'</msg>
<msg time="2023-10-30T12:11:03.857209" level="INFO">xpath criteria: //android.widget.EditText[@resource-id="com.example.myapplication:id/password"]</msg>
<status status="PASS" start="2023-10-30T12:11:03.781180" elapsed="0.076029"/>
</kw>
<status status="PASS" start="2023-10-30T12:11:02.490550" elapsed="1.36766"/>
</kw>
<kw name="Click Login" owner="signInPage">
<kw name="Click Element" owner="AppiumLibrary">
<arg>${loginButton}</arg>
<doc>Click element identified by `locator`.</doc>
<msg time="2023-10-30T12:11:03.859211" level="INFO">Clicking element '//android.widget.Button[@resource-id="com.example.myapplication:id/signIn"]'.</msg>
<msg time="2023-10-30T12:11:04.452186" level="INFO">xpath criteria: //android.widget.Button[@resource-id="com.example.myapplication:id/signIn"]</msg>
<status status="PASS" start="2023-10-30T12:11:03.858210" elapsed="0.593976"/>
</kw>
<status status="PASS" start="2023-10-30T12:11:03.858210" elapsed="0.593976"/>
</kw>
<kw name="Verify Home Login Appears" owner="Homepage">
<kw name="Wait Until Element Is Visible" owner="AppiumLibrary">
<arg>${appLogo}</arg>
<doc>Waits until element specified with `locator` is visible.</doc>
<msg time="2023-10-30T12:11:05.610167" level="INFO">xpath criteria: //android.widget.ImageView[@resource-id="com.example.myapplication:id/imageView4"]
xpath criteria: //android.widget.ImageView[@resource-id="com.example.myapplication:id/imageView4"]</msg>
<status status="PASS" start="2023-10-30T12:11:04.453187" elapsed="1.15698"/>
</kw>
<kw name="Wait Until Element Is Visible" owner="AppiumLibrary">
<arg>${signInButton}</arg>
<doc>Waits until element specified with `locator` is visible.</doc>
<msg time="2023-10-30T12:11:05.683237" level="INFO">xpath criteria: //android.widget.Button[@resource-id="com.example.myapplication:id/login"]</msg>
<status status="PASS" start="2023-10-30T12:11:05.610167" elapsed="0.074071"/>
</kw>
<kw name="Wait Until Element Is Visible" owner="AppiumLibrary">
<arg>${homeLogin}</arg>
<doc>Waits until element specified with `locator` is visible.</doc>
<msg time="2023-10-30T12:11:05.754454" level="INFO">xpath criteria: //android.widget.TextView[@resource-id="com.example.myapplication:id/textView"]</msg>
<status status="PASS" start="2023-10-30T12:11:05.684238" elapsed="0.070216"/>
</kw>
<kw name="Wait Until Element Is Visible" owner="AppiumLibrary">
<arg>${loginSearch}</arg>
<doc>Waits until element specified with `locator` is visible.</doc>
<msg time="2023-10-30T12:11:05.823470" level="INFO">xpath criteria: //android.widget.Button[@resource-id="com.example.myapplication:id/search_flight"]</msg>
<status status="PASS" start="2023-10-30T12:11:05.754454" elapsed="0.069016"/>
</kw>
<status status="PASS" start="2023-10-30T12:11:04.453187" elapsed="1.370283"/>
</kw>
<kw name=" Click Sign Out Button" owner="SignoutPage">
<kw name="Click Element" owner="AppiumLibrary">
<arg>${signoutButton}</arg>
<doc>Click element identified by `locator`.</doc>
<msg time="2023-10-30T12:11:05.825472" level="INFO">Clicking element '//android.widget.Button[@resource-id="com.example.myapplication:id/login"]'.</msg>
<msg time="2023-10-30T12:11:05.930573" level="INFO">xpath criteria: //android.widget.Button[@resource-id="com.example.myapplication:id/login"]</msg>
<status status="PASS" start="2023-10-30T12:11:05.824471" elapsed="0.106102"/>
</kw>
<status status="PASS" start="2023-10-30T12:11:05.823470" elapsed="0.107103"/>
</kw>
<status status="PASS" start="2023-10-30T12:10:51.182294" elapsed="14.749281"/>
</test>
<status status="PASS" start="2023-10-30T12:10:51.002600" elapsed="14.929978"/>
</suite>
<statistics>
<total>
<stat pass="1" fail="0" skip="0">All Tests</stat>
</total>
<tag>
</tag>
<suite>
<stat pass="1" fail="0" skip="0" id="s1" name="Signout">Signout</stat>
</suite>
</statistics>
<errors>
</errors>
</robot>
